<?xml version="1.0" encoding="UTF-8"?>
<!-- Generated by org.testng.reporters.JUnitReportReporter -->
<testsuite hostname="Simrans-Air" failures="0" tests="1" name="com.tutorialninja.Test.RegisterNewAccountTest" time="13.146" errors="0" timestamp="2023-08-22T18:28:44 EDT" skipped="0">
  <testcase classname="com.tutorialninja.Test.RegisterNewAccountTest" name="verifyRegisterWithBlankSubmission" time="13.146"/>
  <system-out/>
</testsuite> <!-- com.tutorialninja.Test.RegisterNewAccountTest -->
