<?xml version="1.0" encoding="UTF-8"?>
<!-- Generated by org.testng.reporters.JUnitReportReporter -->
<testsuite hostname="Simrans-Air" failures="0" tests="1" name="com.tutorialninja.Test.EndToEndaPurchasePositiveTest" time="27.933" errors="0" timestamp="2023-08-22T18:44:24 EDT" skipped="0">
  <testcase classname="com.tutorialninja.Test.EndToEndaPurchasePositiveTest" name="endToEnd" time="27.933"/>
  <system-out/>
</testsuite> <!-- com.tutorialninja.Test.EndToEndaPurchasePositiveTest -->
