<?xml version="1.0" encoding="UTF-8"?>
<!-- Generated by org.testng.reporters.JUnitReportReporter -->
<testsuite hostname="Simrans-MacBook-Air.local" failures="0" tests="1" name="com.tutorialninja.Test.EndToEndaPurchasePositiveTest" time="25.003" errors="0" timestamp="2023-08-20T20:12:27 EDT" skipped="0">
  <testcase classname="com.tutorialninja.Test.EndToEndaPurchasePositiveTest" name="endToEnd" time="25.003"/>
  <system-out/>
</testsuite> <!-- com.tutorialninja.Test.EndToEndaPurchasePositiveTest -->
