<?xml version="1.0" encoding="UTF-8"?>
<!-- Generated by org.testng.reporters.JUnitReportReporter -->
<testsuite hostname="Simrans-Air" failures="0" tests="1" name="com.tutorialninja.Test.RegisterNewAccountTest" time="10.125" errors="0" timestamp="2023-08-23T06:47:40 EDT" skipped="0">
  <testcase classname="com.tutorialninja.Test.RegisterNewAccountTest" name="verifyRegisterWithBlankSubmission" time="10.125"/>
  <system-out/>
</testsuite> <!-- com.tutorialninja.Test.RegisterNewAccountTest -->
