<?xml version="1.0" encoding="UTF-8"?>
<!-- Generated by org.testng.reporters.JUnitReportReporter -->
<testsuite hostname="Simrans-MacBook-Air.local" failures="0" tests="1" name="com.tutorialninja.Test.RegisterNewAccountTest" time="13.356" errors="0" timestamp="2023-08-20T19:35:51 EDT" skipped="0">
  <testcase classname="com.tutorialninja.Test.RegisterNewAccountTest" name="verifyRegisterWithBlankSubmission" time="13.356"/>
  <system-out/>
</testsuite> <!-- com.tutorialninja.Test.RegisterNewAccountTest -->
