<?xml version="1.0" encoding="UTF-8"?>
<!-- Generated by org.testng.reporters.JUnitReportReporter -->
<testsuite hostname="Simrans-MacBook-Air.local" failures="0" tests="1" name="com.tutorialninja.Test.LoginTest" time="13.506" errors="0" timestamp="2023-08-20T20:54:32 EDT" skipped="0">
  <testcase classname="com.tutorialninja.Test.LoginTest" name="verifyLoginWithCorrectCridentials" time="13.506"/>
  <system-out/>
</testsuite> <!-- com.tutorialninja.Test.LoginTest -->
